<?xml version="1.0" encoding="UTF-8"?>
<!-- Generated by org.testng.reporters.JUnitXMLReporter -->
<testsuite ignored="0" hostname="Ankush" failures="0" tests="7" name="ChromeTest" time="0.11" errors="0" timestamp="2023-06-17T10:59:42 IST">
  <testcase classname="com.SauceDemoTest.SouceDemoBaseClass" name="@BeforeTest Setup" time="0.009">
    <failure type="java.lang.Exception" message="Incorrect Browser">
      <![CDATA[java.lang.Exception: Incorrect Browser
at com.SauceDemoTest.SouceDemoBaseClass.Setup(SouceDemoBaseClass.java:50)
at java.base/java.util.concurrent.FutureTask.run(FutureTask.java:264)
at java.base/java.util.concurrent.ThreadPoolExecutor.runWorker(ThreadPoolExecutor.java:1136)
at java.base/java.util.concurrent.ThreadPoolExecutor$Worker.run(ThreadPoolExecutor.java:635)
at java.base/java.lang.Thread.run(Thread.java:833)
... Removed 15 stack frames]]>
    </failure>
  </testcase> <!-- @BeforeTest Setup -->
  <testcase classname="com.SauceDemoTest.SouceDemoBaseClass" name="@AfterTest TearDown" time="-1.68697978273E9">
    <skipped/>
  </testcase> <!-- @AfterTest TearDown -->
  <testcase classname="com.SauceDemoTest.SauceDemoTestCases" name="LoginTest" time="0.0">
    <skipped/>
  </testcase> <!-- LoginTest -->
  <testcase classname="com.SauceDemoTest.SauceDemoTestCases" name="FilterItemsTest" time="0.0">
    <skipped/>
  </testcase> <!-- FilterItemsTest -->
  <testcase classname="com.SauceDemoTest.SauceDemoTestCases" name="AddToCartTest" time="0.0">
    <skipped/>
  </testcase> <!-- AddToCartTest -->
  <testcase classname="com.SauceDemoTest.SauceDemoTestCases" name="SoppingCartTest" time="0.0">
    <skipped/>
  </testcase> <!-- SoppingCartTest -->
  <testcase classname="com.SauceDemoTest.SauceDemoTestCases" name="ItemCheckoutTest" time="0.0">
    <skipped/>
  </testcase> <!-- ItemCheckoutTest -->
  <testcase classname="com.SauceDemoTest.SauceDemoTestCases" name="FillYourInfoTest" time="0.0">
    <skipped/>
  </testcase> <!-- FillYourInfoTest -->
  <testcase classname="com.SauceDemoTest.SauceDemoTestCases" name="LogoutTest" time="0.0">
    <skipped/>
  </testcase> <!-- LogoutTest -->
</testsuite> <!-- ChromeTest -->
