<?xml version="1.0" encoding="UTF-8"?>
<!-- Generated by org.testng.reporters.JUnitXMLReporter -->
<testsuite ignored="0" hostname="Ankush" failures="0" tests="7" name="ChromeTest" time="0.064" errors="0" timestamp="2023-06-17T11:28:45 IST">
  <testcase classname="com.SauceDemoTest.SauceDemoTestCases" name="@BeforeTest Setup" time="0.009">
    <failure type="java.lang.Exception" message="Incorrect Browser">
      <![CDATA[java.lang.Exception: Incorrect Browser
at com.SauceDemoTest.SauceDemoTestCases.Setup(SauceDemoTestCases.java:59)
... Removed 24 stack frames]]>
    </failure>
  </testcase> <!-- @BeforeTest Setup -->
  <testcase classname="com.SauceDemoTest.SauceDemoTestCases" name="@AfterTest TearDown" time="-1.686981525365E9">
    <skipped/>
  </testcase> <!-- @AfterTest TearDown -->
  <testcase classname="com.SauceDemoTest.SauceDemoTestCases" name="AddToCartTest" time="0.0">
    <skipped/>
  </testcase> <!-- AddToCartTest -->
  <testcase classname="com.SauceDemoTest.SauceDemoTestCases" name="FilterItemsTest" time="0.0">
    <skipped/>
  </testcase> <!-- FilterItemsTest -->
  <testcase classname="com.SauceDemoTest.SauceDemoTestCases" name="SoppingCartTest" time="0.0">
    <skipped/>
  </testcase> <!-- SoppingCartTest -->
  <testcase classname="com.SauceDemoTest.SauceDemoTestCases" name="ItemCheckoutTest" time="0.0">
    <skipped/>
  </testcase> <!-- ItemCheckoutTest -->
  <testcase classname="com.SauceDemoTest.SauceDemoTestCases" name="LoginTest" time="0.0">
    <skipped/>
  </testcase> <!-- LoginTest -->
  <testcase classname="com.SauceDemoTest.SauceDemoTestCases" name="FillYourInfoTest" time="0.0">
    <skipped/>
  </testcase> <!-- FillYourInfoTest -->
  <testcase classname="com.SauceDemoTest.SauceDemoTestCases" name="LogoutTest" time="0.0">
    <skipped/>
  </testcase> <!-- LogoutTest -->
</testsuite> <!-- ChromeTest -->
